<?xml version="1.0" encoding="UTF-8"?>
<testng-results skipped="0" failed="0" ignored="0" total="1" passed="1">
  <reporter-output>
  </reporter-output>
  <suite name="Surefire suite" duration-ms="205" started-at="2022-03-30T23:51:27 IST" finished-at="2022-03-30T23:51:27 IST">
    <groups>
    </groups>
    <test name="Surefire test" duration-ms="205" started-at="2022-03-30T23:51:27 IST" finished-at="2022-03-30T23:51:27 IST">
      <class name="Cucumber.Cucumber.AppTest">
        <test-method status="PASS" signature="shouldAnswerWithTrue()" name="shouldAnswerWithTrue" duration-ms="30" started-at="2022-03-30T23:51:27 IST" finished-at="2022-03-30T23:51:27 IST">
          <reporter-output>
          </reporter-output>
        </test-method> <!-- shouldAnswerWithTrue -->
      </class> <!-- Cucumber.Cucumber.AppTest -->
    </test> <!-- Surefire test -->
  </suite> <!-- Surefire suite -->
</testng-results>
