<?xml version="1.0" encoding="UTF-8"?>
<!-- Generated by org.testng.reporters.JUnitXMLReporter -->
<testsuite hostname="DESKTOP-19NCAKV" ignored="0" name="Chrome Test" tests="4" failures="0" timestamp="2022-05-02T21:38:15 IST" time="63.905" errors="0">
  <testcase name="runScenario" time="21.548" classname="io.cucumber.testng.AbstractTestNGCucumberTests"/>
  <testcase name="runScenario" time="13.951" classname="io.cucumber.testng.AbstractTestNGCucumberTests"/>
  <testcase name="runScenario" time="13.019" classname="io.cucumber.testng.AbstractTestNGCucumberTests"/>
  <testcase name="runScenario" time="13.567" classname="io.cucumber.testng.AbstractTestNGCucumberTests"/>
</testsuite> <!-- Chrome Test -->
